<?xml version="1.0" encoding="UTF-8"?>
<!-- Generated by org.testng.reporters.JUnitReportReporter -->
<testsuite skipped="0" hostname="ZAUSVDISHUGUPTA" name="com.learning.seleniummaven.ExtentReport" tests="1" failures="0" timestamp="23 Apr 2018 12:47:23 GMT" time="20.982" errors="0">
  <testcase name="testReport" time="20.982" classname="com.learning.seleniummaven.ExtentReport"/>
</testsuite> <!-- com.learning.seleniummaven.ExtentReport -->
