<?xml version="1.0" encoding="UTF-8"?>
<!-- Generated by org.testng.reporters.JUnitReportReporter -->
<testsuite skipped="0" hostname="shubhagg-mac" name="testCases.ExecuteTest" tests="4" failures="0" timestamp="2022-08-11T16:57:55 IST" time="56.797" errors="0">
  <testcase name="searchTest2" time="12.949" classname="testCases.ExecuteTest"/>
  <testcase name="searchTest4" time="13.385" classname="testCases.ExecuteTest"/>
  <testcase name="searchTest3" time="12.148" classname="testCases.ExecuteTest"/>
  <testcase name="searchTest1" time="18.315" classname="testCases.ExecuteTest"/>
</testsuite> <!-- testCases.ExecuteTest -->
