<?xml version="1.0" encoding="UTF-8"?>
<!-- Generated by org.testng.reporters.JUnitReportReporter -->
<testsuite skipped="0" hostname="ZAUSVDISHUGUPTA" name="com.learning.seleniummaven.LoadTestSelenium" tests="10" failures="0" timestamp="25 Oct 2018 13:26:16 GMT" time="80.721" errors="0">
  <testcase name="VaultLoad" time="7.201" classname="com.learning.seleniummaven.LoadTestSelenium"/>
  <testcase name="VaultLoad" time="7.304" classname="com.learning.seleniummaven.LoadTestSelenium"/>
  <testcase name="VaultLoad" time="7.700" classname="com.learning.seleniummaven.LoadTestSelenium"/>
  <testcase name="VaultLoad" time="7.949" classname="com.learning.seleniummaven.LoadTestSelenium"/>
  <testcase name="VaultLoad" time="7.220" classname="com.learning.seleniummaven.LoadTestSelenium"/>
  <testcase name="VaultLoad" time="11.393" classname="com.learning.seleniummaven.LoadTestSelenium"/>
  <testcase name="VaultLoad" time="7.917" classname="com.learning.seleniummaven.LoadTestSelenium"/>
  <testcase name="VaultLoad" time="8.710" classname="com.learning.seleniummaven.LoadTestSelenium"/>
  <testcase name="VaultLoad" time="7.368" classname="com.learning.seleniummaven.LoadTestSelenium"/>
  <testcase name="VaultLoad" time="7.959" classname="com.learning.seleniummaven.LoadTestSelenium"/>
</testsuite> <!-- com.learning.seleniummaven.LoadTestSelenium -->
