<?xml version="1.0" encoding="UTF-8"?>
<!-- Generated by org.testng.reporters.JUnitReportReporter -->
<testsuite skipped="0" hostname="ZAUSVDISHUGUPTA" name="com.learning.seleniummaven.TimeZoneConversion" tests="1" failures="0" timestamp="16 Jan 2019 04:49:53 GMT" time="33.635" errors="0">
  <testcase name="getCurrentTime" time="33.635" classname="com.learning.seleniummaven.TimeZoneConversion"/>
</testsuite> <!-- com.learning.seleniummaven.TimeZoneConversion -->
