<?xml version="1.0" encoding="UTF-8"?>
<!-- Generated by org.testng.reporters.JUnitReportReporter -->
<testsuite skipped="0" hostname="shubhagg-mac" name="advanceselenium.testVault" tests="1" failures="0" timestamp="2022-04-29T12:42:20 IST" time="16.069" errors="0">
  <testcase name="testvault" time="16.069" classname="advanceselenium.testVault"/>
</testsuite> <!-- advanceselenium.testVault -->
