<?xml version="1.0" encoding="UTF-8"?>
<!-- Generated by org.testng.reporters.JUnitReportReporter -->
<testsuite hostname="shubhagg-mac" name="advanceselenium.testVault" tests="1" failures="0" timestamp="8 Aug 2022 09:16:54 GMT" time="6.207" errors="0">
  <testcase name="testvault" time="6.207" classname="advanceselenium.testVault"/>
</testsuite> <!-- advanceselenium.testVault -->
